\BOOKMARK [1][-]{section.0.1}{Introduction}{}% 1
\BOOKMARK [2][-]{subsection.0.1.1}{Purpose}{section.0.1}% 2
\BOOKMARK [2][-]{subsection.0.1.2}{Background}{section.0.1}% 3
\BOOKMARK [2][-]{subsection.0.1.3}{Goals}{section.0.1}% 4
\BOOKMARK [1][-]{section.0.2}{SWOT Analysis}{}% 5
\BOOKMARK [2][-]{subsection.0.2.1}{Limitations}{section.0.2}% 6
\BOOKMARK [2][-]{subsection.0.2.2}{Delimitations}{section.0.2}% 7
\BOOKMARK [2][-]{subsection.0.2.3}{Aim and Research Questions}{section.0.2}% 8
\BOOKMARK [1][-]{section.0.3}{Stakeholder Analysis \046 Organisational Structure}{}% 9
\BOOKMARK [1][-]{section.0.4}{Work Breakdown Structure \(WBS\)}{}% 10
\BOOKMARK [1][-]{section.0.5}{Communication Plan \046 Document Plan}{}% 11
\BOOKMARK [2][-]{subsection.0.5.1}{Communication Plan}{section.0.5}% 12
\BOOKMARK [2][-]{subsection.0.5.2}{Document Plan}{section.0.5}% 13
\BOOKMARK [1][-]{section.0.6}{Milestones}{}% 14
\BOOKMARK [1][-]{section.0.7}{Time Plan - Gantt}{}% 15
\BOOKMARK [1][-]{section.0.8}{Risk analysis}{}% 16
\BOOKMARK [2][-]{subsection.0.8.1}{Identification}{section.0.8}% 17
\BOOKMARK [2][-]{subsection.0.8.2}{Evaluation}{section.0.8}% 18
\BOOKMARK [2][-]{subsection.0.8.3}{Action Plan}{section.0.8}% 19
\BOOKMARK [1][-]{section.0.9}{Activity List}{}% 20
\BOOKMARK [1][-]{section.0.10}{Resources and Budget}{}% 21
